# JRE version: OpenJDK Runtime Environment Temurin-23.0.1+11 (23.0.1+11) (build 23.0.1+11)
# Java VM: OpenJDK 64-Bit Server VM Temurin-23.0.1+11 (23.0.1+11, mixed mode, emulated-client, sharing, tiered, compressed oops, compressed class ptrs, g1 gc, windows-amd64)
GC Precious Log:
 CardTable entry size: 512
 Card Set container configuration: InlinePtr #cards 4 size 8 Array Of Cards #cards 16 size 48 Howl #buckets 8 coarsen threshold 3686 Howl Bitmap #cards 512 size 80 coarsen threshold 460 Card regions per heap region 1 cards per card region 4096
 CPUs: 18 total, 18 available
 Memory: 15899M
 Large Page Support: Disabled
 NUMA Support: Disabled
 Compressed Oops: Enabled (Zero based)
 Heap Region Size: 2M
 Heap Min Capacity: 8M
 Heap Initial Capacity: 250M
 Heap Max Capacity: 3976M
 Pre-touch: Disabled
 Parallel Workers: 14
 Concurrent Workers: 4
 Concurrent Refinement Workers: 14
 Periodic GC: Disabled
Heap:
 garbage-first heap   total reserved 4071424K, committed 122880K, used 48857K [0x0000000707800000, 0x0000000800000000)
  region size 2048K, 10 young (20480K), 3 survivors (6144K)
 Metaspace       used 91007K, committed 91968K, reserved 1179648K
  class space    used 12393K, committed 12864K, reserved 1048576K
GC Heap History (20 events):
Event: 1923.410 GC heap before
{Heap before GC invocations=90 (full 17):
 garbage-first heap   total reserved 4071424K, committed 122880K, used 68205K [0x0000000707800000, 0x0000000800000000)
  region size 2048K, 20 young (40960K), 3 survivors (6144K)
 Metaspace       used 88201K, committed 89472K, reserved 1179648K
  class space    used 12173K, committed 12864K, reserved 1048576K
}
Event: 1923.492 GC heap after
{Heap after GC invocations=91 (full 18):
 garbage-first heap   total reserved 4071424K, committed 122880K, used 30378K [0x0000000707800000, 0x0000000800000000)
  region size 2048K, 0 young (0K), 0 survivors (0K)
 Metaspace       used 88197K, committed 89472K, reserved 1179648K
  class space    used 12172K, committed 12864K, reserved 1048576K
}
Event: 1924.161 GC heap before
{Heap before GC invocations=91 (full 18):
 garbage-first heap   total reserved 4071424K, committed 122880K, used 100010K [0x0000000707800000, 0x0000000800000000)
  region size 2048K, 35 young (71680K), 0 survivors (0K)
 Metaspace       used 88497K, committed 89600K, reserved 1179648K
  class space    used 12201K, committed 12864K, reserved 1048576K
}
Event: 1924.167 GC heap after
{Heap after GC invocations=92 (full 18):
 garbage-first heap   total reserved 4071424K, committed 122880K, used 35258K [0x0000000707800000, 0x0000000800000000)
  region size 2048K, 3 young (6144K), 3 survivors (6144K)
 Metaspace       used 88497K, committed 89600K, reserved 1179648K
  class space    used 12201K, committed 12864K, reserved 1048576K
}
Event: 1940.000 GC heap before
{Heap before GC invocations=93 (full 18):
 garbage-first heap   total reserved 4071424K, committed 122880K, used 65978K [0x0000000707800000, 0x0000000800000000)
  region size 2048K, 19 young (38912K), 3 survivors (6144K)
 Metaspace       used 88787K, committed 89856K, reserved 1179648K
  class space    used 12218K, committed 12864K, reserved 1048576K
}
Event: 1940.079 GC heap after
{Heap after GC invocations=94 (full 19):
 garbage-first heap   total reserved 4071424K, committed 122880K, used 30675K [0x0000000707800000, 0x0000000800000000)
  region size 2048K, 0 young (0K), 0 survivors (0K)
 Metaspace       used 88785K, committed 89856K, reserved 1179648K
  class space    used 12217K, committed 12864K, reserved 1048576K
}
Event: 1940.731 GC heap before
{Heap before GC invocations=94 (full 19):
 garbage-first heap   total reserved 4071424K, committed 122880K, used 100307K [0x0000000707800000, 0x0000000800000000)
  region size 2048K, 35 young (71680K), 0 survivors (0K)
 Metaspace       used 89073K, committed 90112K, reserved 1179648K
  class space    used 12249K, committed 12864K, reserved 1048576K
}
Event: 1940.737 GC heap after
{Heap after GC invocations=95 (full 19):
 garbage-first heap   total reserved 4071424K, committed 122880K, used 35229K [0x0000000707800000, 0x0000000800000000)
  region size 2048K, 3 young (6144K), 3 survivors (6144K)
 Metaspace       used 89073K, committed 90112K, reserved 1179648K
  class space    used 12249K, committed 12864K, reserved 1048576K
}
Event: 1984.119 GC heap before
{Heap before GC invocations=96 (full 19):
 garbage-first heap   total reserved 4071424K, committed 122880K, used 70045K [0x0000000707800000, 0x0000000800000000)
  region size 2048K, 21 young (43008K), 3 survivors (6144K)
 Metaspace       used 89366K, committed 90432K, reserved 1179648K
  class space    used 12265K, committed 12864K, reserved 1048576K
}
Event: 1984.185 GC heap after
{Heap after GC invocations=97 (full 20):
 garbage-first heap   total reserved 4071424K, committed 122880K, used 30913K [0x0000000707800000, 0x0000000800000000)
  region size 2048K, 0 young (0K), 0 survivors (0K)
 Metaspace       used 89363K, committed 90432K, reserved 1179648K
  class space    used 12264K, committed 12864K, reserved 1048576K
}
Event: 1984.677 GC heap before
{Heap before GC invocations=97 (full 20):
 garbage-first heap   total reserved 4071424K, committed 122880K, used 98497K [0x0000000707800000, 0x0000000800000000)
  region size 2048K, 34 young (69632K), 0 survivors (0K)
 Metaspace       used 89580K, committed 90624K, reserved 1179648K
  class space    used 12290K, committed 12864K, reserved 1048576K
}
Event: 1984.683 GC heap after
{Heap after GC invocations=98 (full 20):
 garbage-first heap   total reserved 4071424K, committed 122880K, used 36053K [0x0000000707800000, 0x0000000800000000)
  region size 2048K, 3 young (6144K), 3 survivors (6144K)
 Metaspace       used 89580K, committed 90624K, reserved 1179648K
  class space    used 12290K, committed 12864K, reserved 1048576K
}
Event: 1986.354 GC heap before
{Heap before GC invocations=99 (full 20):
 garbage-first heap   total reserved 4071424K, committed 122880K, used 68821K [0x0000000707800000, 0x0000000800000000)
  region size 2048K, 20 young (40960K), 3 survivors (6144K)
 Metaspace       used 89962K, committed 91008K, reserved 1179648K
  class space    used 12310K, committed 12864K, reserved 1048576K
}
Event: 1986.437 GC heap after
{Heap after GC invocations=100 (full 21):
 garbage-first heap   total reserved 4071424K, committed 122880K, used 31276K [0x0000000707800000, 0x0000000800000000)
  region size 2048K, 0 young (0K), 0 survivors (0K)
 Metaspace       used 89959K, committed 91008K, reserved 1179648K
  class space    used 12310K, committed 12864K, reserved 1048576K
}
Event: 1986.952 GC heap before
{Heap before GC invocations=100 (full 21):
 garbage-first heap   total reserved 4071424K, committed 122880K, used 100908K [0x0000000707800000, 0x0000000800000000)
  region size 2048K, 34 young (69632K), 0 survivors (0K)
 Metaspace       used 90183K, committed 91200K, reserved 1179648K
  class space    used 12338K, committed 12864K, reserved 1048576K
}
Event: 1986.957 GC heap after
{Heap after GC invocations=101 (full 21):
 garbage-first heap   total reserved 4071424K, committed 122880K, used 36365K [0x0000000707800000, 0x0000000800000000)
  region size 2048K, 3 young (6144K), 3 survivors (6144K)
 Metaspace       used 90183K, committed 91200K, reserved 1179648K
  class space    used 12338K, committed 12864K, reserved 1048576K
}
Event: 2007.257 GC heap before
{Heap before GC invocations=102 (full 21):
 garbage-first heap   total reserved 4071424K, committed 122880K, used 69133K [0x0000000707800000, 0x0000000800000000)
  region size 2048K, 20 young (40960K), 3 survivors (6144K)
 Metaspace       used 90549K, committed 91520K, reserved 1179648K
  class space    used 12358K, committed 12864K, reserved 1048576K
}
Event: 2007.324 GC heap after
{Heap after GC invocations=103 (full 22):
 garbage-first heap   total reserved 4071424K, committed 122880K, used 31555K [0x0000000707800000, 0x0000000800000000)
  region size 2048K, 0 young (0K), 0 survivors (0K)
 Metaspace       used 90546K, committed 91520K, reserved 1179648K
  class space    used 12357K, committed 12864K, reserved 1048576K
}
Event: 2007.826 GC heap before
{Heap before GC invocations=103 (full 22):
 garbage-first heap   total reserved 4071424K, committed 122880K, used 99139K [0x0000000707800000, 0x0000000800000000)
  region size 2048K, 34 young (69632K), 0 survivors (0K)
 Metaspace       used 90757K, committed 91712K, reserved 1179648K
  class space    used 12383K, committed 12864K, reserved 1048576K
}
Event: 2007.832 GC heap after
{Heap after GC invocations=104 (full 22):
 garbage-first heap   total reserved 4071424K, committed 122880K, used 36569K [0x0000000707800000, 0x0000000800000000)
  region size 2048K, 3 young (6144K), 3 survivors (6144K)
 Metaspace       used 90757K, committed 91712K, reserved 1179648K
  class space    used 12383K, committed 12864K, reserved 1048576K
}

